[2021-09-27 07:51:32,575][restartedMain][INFO][com.wjl.lblog.BlogServerApplication:55] Starting BlogServerApplication using Java 17 on lonestar with PID 12304 (D:\wjl\repository\blog\Lblog\blog-server\target\classes started by wjl in D:\wjl\repository\blog\Lblog\blog-server)
[2021-09-27 07:51:32,594][restartedMain][INFO][com.wjl.lblog.BlogServerApplication:659] No active profile set, falling back to default profiles: default
[2021-09-27 07:51:32,636][restartedMain][INFO][org.springframework.boot.devtools.env.DevToolsPropertyDefaultsPostProcessor:255] Devtools property defaults active! Set 'spring.devtools.add-properties' to 'false' to disable
[2021-09-27 07:51:32,636][restartedMain][INFO][org.springframework.boot.devtools.env.DevToolsPropertyDefaultsPostProcessor:255] For additional web related logging consider setting the 'logging.level.web' property to 'DEBUG'
[2021-09-27 07:51:33,278][restartedMain][INFO][org.springframework.data.repository.config.RepositoryConfigurationDelegate:132] Bootstrapping Spring Data JPA repositories in DEFAULT mode.
[2021-09-27 07:51:33,356][restartedMain][INFO][org.springframework.data.repository.config.RepositoryConfigurationDelegate:201] Finished Spring Data repository scanning in 66 ms. Found 6 JPA repository interfaces.
[2021-09-27 07:51:33,790][restartedMain][INFO][org.springframework.boot.web.embedded.tomcat.TomcatWebServer:108] Tomcat initialized with port(s): 8088 (http)
[2021-09-27 07:51:33,805][restartedMain][INFO][org.apache.coyote.http11.Http11NioProtocol:173] Initializing ProtocolHandler ["http-nio-8088"]
[2021-09-27 07:51:33,805][restartedMain][INFO][org.apache.catalina.core.StandardService:173] Starting service [Tomcat]
[2021-09-27 07:51:33,805][restartedMain][INFO][org.apache.catalina.core.StandardEngine:173] Starting Servlet engine: [Apache Tomcat/9.0.53]
[2021-09-27 07:51:33,805][restartedMain][INFO][org.apache.catalina.core.AprLifecycleListener:173] Loaded Apache Tomcat Native library [1.2.30] using APR version [1.7.0].
[2021-09-27 07:51:33,805][restartedMain][INFO][org.apache.catalina.core.AprLifecycleListener:173] APR capabilities: IPv6 [true], sendfile [true], accept filters [false], random [true], UDS [true].
[2021-09-27 07:51:33,805][restartedMain][INFO][org.apache.catalina.core.AprLifecycleListener:173] APR/OpenSSL configuration: useAprConnector [false], useOpenSSL [true]
[2021-09-27 07:51:33,821][restartedMain][INFO][org.apache.catalina.core.AprLifecycleListener:173] OpenSSL successfully initialized [OpenSSL 1.1.1k  25 Mar 2021]
[2021-09-27 07:51:33,883][restartedMain][INFO][org.apache.catalina.core.ContainerBase.[Tomcat].[localhost].[/]:173] Initializing Spring embedded WebApplicationContext
[2021-09-27 07:51:33,883][restartedMain][INFO][org.springframework.boot.web.servlet.context.ServletWebServerApplicationContext:290] Root WebApplicationContext: initialization completed in 1247 ms
[2021-09-27 07:51:33,975][restartedMain][INFO][org.hibernate.jpa.internal.util.LogHelper:31] HHH000204: Processing PersistenceUnitInfo [name: default]
[2021-09-27 07:51:34,022][restartedMain][INFO][org.hibernate.Version:44] HHH000412: Hibernate ORM core version 5.4.32.Final
[2021-09-27 07:51:34,132][restartedMain][INFO][org.hibernate.annotations.common.Version:56] HCANN000001: Hibernate Commons Annotations {5.1.2.Final}
[2021-09-27 07:51:34,210][restartedMain][INFO][com.zaxxer.hikari.HikariDataSource:110] HikariPool-1 - Starting...
[2021-09-27 07:51:34,304][restartedMain][INFO][com.zaxxer.hikari.HikariDataSource:123] HikariPool-1 - Start completed.
[2021-09-27 07:51:34,304][restartedMain][INFO][org.hibernate.dialect.Dialect:175] HHH000400: Using dialect: org.hibernate.dialect.MySQL8Dialect
[2021-09-27 07:51:34,819][restartedMain][INFO][org.hibernate.engine.transaction.jta.platform.internal.JtaPlatformInitiator:52] HHH000490: Using JtaPlatform implementation: [org.hibernate.engine.transaction.jta.platform.internal.NoJtaPlatform]
[2021-09-27 07:51:34,819][restartedMain][INFO][org.springframework.orm.jpa.LocalContainerEntityManagerFactoryBean:437] Initialized JPA EntityManagerFactory for persistence unit 'default'
[2021-09-27 07:51:35,397][restartedMain][INFO][org.springframework.boot.devtools.autoconfigure.OptionalLiveReloadServer:58] LiveReload server is running on port 35729
[2021-09-27 07:51:35,413][restartedMain][INFO][org.apache.coyote.http11.Http11NioProtocol:173] Starting ProtocolHandler ["http-nio-8088"]
[2021-09-27 07:51:35,444][restartedMain][INFO][org.springframework.boot.web.embedded.tomcat.TomcatWebServer:220] Tomcat started on port(s): 8088 (http) with context path ''
[2021-09-27 07:51:35,460][restartedMain][INFO][com.wjl.lblog.BlogServerApplication:61] Started BlogServerApplication in 3.184 seconds (JVM running for 4.161)
[2021-09-27 07:57:15,503][http-nio-8088-exec-2][INFO][org.apache.catalina.core.ContainerBase.[Tomcat].[localhost].[/]:173] Initializing Spring DispatcherServlet 'dispatcherServlet'
[2021-09-27 07:57:15,503][http-nio-8088-exec-2][INFO][org.springframework.web.servlet.DispatcherServlet:525] Initializing Servlet 'dispatcherServlet'
[2021-09-27 07:57:15,504][http-nio-8088-exec-2][INFO][org.springframework.web.servlet.DispatcherServlet:547] Completed initialization in 0 ms
[2021-09-27 10:42:12,182][SpringApplicationShutdownHook][INFO][org.springframework.orm.jpa.LocalContainerEntityManagerFactoryBean:651] Closing JPA EntityManagerFactory for persistence unit 'default'
[2021-09-27 10:42:12,197][SpringApplicationShutdownHook][INFO][com.zaxxer.hikari.HikariDataSource:350] HikariPool-1 - Shutdown initiated...
[2021-09-27 10:42:12,197][SpringApplicationShutdownHook][INFO][com.zaxxer.hikari.HikariDataSource:352] HikariPool-1 - Shutdown completed.
[2021-09-27 10:42:15,314][restartedMain][INFO][com.wjl.lblog.BlogServerApplication:55] Starting BlogServerApplication using Java 17 on lonestar with PID 15328 (D:\wjl\repository\blog\Lblog\blog-server\target\classes started by wjl in D:\wjl\repository\blog\Lblog\blog-server)
[2021-09-27 10:42:15,314][restartedMain][INFO][com.wjl.lblog.BlogServerApplication:659] No active profile set, falling back to default profiles: default
[2021-09-27 10:42:15,351][restartedMain][INFO][org.springframework.boot.devtools.env.DevToolsPropertyDefaultsPostProcessor:255] Devtools property defaults active! Set 'spring.devtools.add-properties' to 'false' to disable
[2021-09-27 10:42:15,351][restartedMain][INFO][org.springframework.boot.devtools.env.DevToolsPropertyDefaultsPostProcessor:255] For additional web related logging consider setting the 'logging.level.web' property to 'DEBUG'
[2021-09-27 10:42:15,866][restartedMain][INFO][org.springframework.data.repository.config.RepositoryConfigurationDelegate:132] Bootstrapping Spring Data JPA repositories in DEFAULT mode.
[2021-09-27 10:42:15,944][restartedMain][INFO][org.springframework.data.repository.config.RepositoryConfigurationDelegate:201] Finished Spring Data repository scanning in 65 ms. Found 6 JPA repository interfaces.
[2021-09-27 10:42:16,334][restartedMain][INFO][org.springframework.boot.web.embedded.tomcat.TomcatWebServer:108] Tomcat initialized with port(s): 8088 (http)
[2021-09-27 10:42:16,334][restartedMain][INFO][org.apache.coyote.http11.Http11NioProtocol:173] Initializing ProtocolHandler ["http-nio-8088"]
[2021-09-27 10:42:16,334][restartedMain][INFO][org.apache.catalina.core.StandardService:173] Starting service [Tomcat]
[2021-09-27 10:42:16,334][restartedMain][INFO][org.apache.catalina.core.StandardEngine:173] Starting Servlet engine: [Apache Tomcat/9.0.53]
[2021-09-27 10:42:16,334][restartedMain][INFO][org.apache.catalina.core.AprLifecycleListener:173] Loaded Apache Tomcat Native library [1.2.30] using APR version [1.7.0].
[2021-09-27 10:42:16,334][restartedMain][INFO][org.apache.catalina.core.AprLifecycleListener:173] APR capabilities: IPv6 [true], sendfile [true], accept filters [false], random [true], UDS [true].
[2021-09-27 10:42:16,334][restartedMain][INFO][org.apache.catalina.core.AprLifecycleListener:173] APR/OpenSSL configuration: useAprConnector [false], useOpenSSL [true]
[2021-09-27 10:42:16,350][restartedMain][INFO][org.apache.catalina.core.AprLifecycleListener:173] OpenSSL successfully initialized [OpenSSL 1.1.1k  25 Mar 2021]
[2021-09-27 10:42:16,413][restartedMain][INFO][org.apache.catalina.core.ContainerBase.[Tomcat].[localhost].[/]:173] Initializing Spring embedded WebApplicationContext
[2021-09-27 10:42:16,413][restartedMain][INFO][org.springframework.boot.web.servlet.context.ServletWebServerApplicationContext:290] Root WebApplicationContext: initialization completed in 1062 ms
[2021-09-27 10:42:16,510][restartedMain][INFO][org.hibernate.jpa.internal.util.LogHelper:31] HHH000204: Processing PersistenceUnitInfo [name: default]
[2021-09-27 10:42:16,557][restartedMain][INFO][org.hibernate.Version:44] HHH000412: Hibernate ORM core version 5.4.32.Final
[2021-09-27 10:42:16,651][restartedMain][INFO][org.hibernate.annotations.common.Version:56] HCANN000001: Hibernate Commons Annotations {5.1.2.Final}
[2021-09-27 10:42:16,714][restartedMain][INFO][com.zaxxer.hikari.HikariDataSource:110] HikariPool-1 - Starting...
[2021-09-27 10:42:16,792][restartedMain][INFO][com.zaxxer.hikari.HikariDataSource:123] HikariPool-1 - Start completed.
[2021-09-27 10:42:16,807][restartedMain][INFO][org.hibernate.dialect.Dialect:175] HHH000400: Using dialect: org.hibernate.dialect.MySQL8Dialect
[2021-09-27 10:42:17,307][restartedMain][INFO][org.hibernate.engine.transaction.jta.platform.internal.JtaPlatformInitiator:52] HHH000490: Using JtaPlatform implementation: [org.hibernate.engine.transaction.jta.platform.internal.NoJtaPlatform]
[2021-09-27 10:42:17,323][restartedMain][INFO][org.springframework.orm.jpa.LocalContainerEntityManagerFactoryBean:437] Initialized JPA EntityManagerFactory for persistence unit 'default'
[2021-09-27 10:42:17,886][restartedMain][INFO][org.springframework.boot.devtools.autoconfigure.OptionalLiveReloadServer:58] LiveReload server is running on port 35729
[2021-09-27 10:42:17,901][restartedMain][INFO][org.apache.coyote.http11.Http11NioProtocol:173] Starting ProtocolHandler ["http-nio-8088"]
[2021-09-27 10:42:17,932][restartedMain][INFO][org.springframework.boot.web.embedded.tomcat.TomcatWebServer:220] Tomcat started on port(s): 8088 (http) with context path ''
[2021-09-27 10:42:17,932][restartedMain][INFO][com.wjl.lblog.BlogServerApplication:61] Started BlogServerApplication in 2.909 seconds (JVM running for 3.791)
[2021-09-27 10:42:36,025][http-nio-8088-exec-1][INFO][org.apache.catalina.core.ContainerBase.[Tomcat].[localhost].[/]:173] Initializing Spring DispatcherServlet 'dispatcherServlet'
[2021-09-27 10:42:36,025][http-nio-8088-exec-1][INFO][org.springframework.web.servlet.DispatcherServlet:525] Initializing Servlet 'dispatcherServlet'
[2021-09-27 10:42:36,027][http-nio-8088-exec-1][INFO][org.springframework.web.servlet.DispatcherServlet:547] Completed initialization in 2 ms
[2021-09-27 10:47:28,308][SpringApplicationShutdownHook][INFO][org.springframework.orm.jpa.LocalContainerEntityManagerFactoryBean:651] Closing JPA EntityManagerFactory for persistence unit 'default'
[2021-09-27 10:47:28,308][SpringApplicationShutdownHook][INFO][com.zaxxer.hikari.HikariDataSource:350] HikariPool-1 - Shutdown initiated...
[2021-09-27 10:47:28,308][SpringApplicationShutdownHook][INFO][com.zaxxer.hikari.HikariDataSource:352] HikariPool-1 - Shutdown completed.
[2021-09-27 10:47:32,522][restartedMain][INFO][com.wjl.lblog.BlogServerApplication:55] Starting BlogServerApplication using Java 17 on lonestar with PID 14576 (D:\wjl\repository\blog\Lblog\blog-server\target\classes started by wjl in D:\wjl\repository\blog\Lblog\blog-server)
[2021-09-27 10:47:32,539][restartedMain][INFO][com.wjl.lblog.BlogServerApplication:659] No active profile set, falling back to default profiles: default
[2021-09-27 10:47:32,570][restartedMain][INFO][org.springframework.boot.devtools.env.DevToolsPropertyDefaultsPostProcessor:255] Devtools property defaults active! Set 'spring.devtools.add-properties' to 'false' to disable
[2021-09-27 10:47:32,570][restartedMain][INFO][org.springframework.boot.devtools.env.DevToolsPropertyDefaultsPostProcessor:255] For additional web related logging consider setting the 'logging.level.web' property to 'DEBUG'
[2021-09-27 10:47:33,080][restartedMain][INFO][org.springframework.data.repository.config.RepositoryConfigurationDelegate:132] Bootstrapping Spring Data JPA repositories in DEFAULT mode.
[2021-09-27 10:47:33,142][restartedMain][INFO][org.springframework.data.repository.config.RepositoryConfigurationDelegate:201] Finished Spring Data repository scanning in 60 ms. Found 6 JPA repository interfaces.
[2021-09-27 10:47:33,517][restartedMain][INFO][org.springframework.boot.web.embedded.tomcat.TomcatWebServer:108] Tomcat initialized with port(s): 8088 (http)
[2021-09-27 10:47:33,533][restartedMain][INFO][org.apache.coyote.http11.Http11NioProtocol:173] Initializing ProtocolHandler ["http-nio-8088"]
[2021-09-27 10:47:33,533][restartedMain][INFO][org.apache.catalina.core.StandardService:173] Starting service [Tomcat]
[2021-09-27 10:47:33,533][restartedMain][INFO][org.apache.catalina.core.StandardEngine:173] Starting Servlet engine: [Apache Tomcat/9.0.53]
[2021-09-27 10:47:33,533][restartedMain][INFO][org.apache.catalina.core.AprLifecycleListener:173] Loaded Apache Tomcat Native library [1.2.30] using APR version [1.7.0].
[2021-09-27 10:47:33,533][restartedMain][INFO][org.apache.catalina.core.AprLifecycleListener:173] APR capabilities: IPv6 [true], sendfile [true], accept filters [false], random [true], UDS [true].
[2021-09-27 10:47:33,533][restartedMain][INFO][org.apache.catalina.core.AprLifecycleListener:173] APR/OpenSSL configuration: useAprConnector [false], useOpenSSL [true]
[2021-09-27 10:47:33,533][restartedMain][INFO][org.apache.catalina.core.AprLifecycleListener:173] OpenSSL successfully initialized [OpenSSL 1.1.1k  25 Mar 2021]
[2021-09-27 10:47:33,596][restartedMain][INFO][org.apache.catalina.core.ContainerBase.[Tomcat].[localhost].[/]:173] Initializing Spring embedded WebApplicationContext
[2021-09-27 10:47:33,596][restartedMain][INFO][org.springframework.boot.web.servlet.context.ServletWebServerApplicationContext:290] Root WebApplicationContext: initialization completed in 1026 ms
[2021-09-27 10:47:33,689][restartedMain][INFO][org.hibernate.jpa.internal.util.LogHelper:31] HHH000204: Processing PersistenceUnitInfo [name: default]
[2021-09-27 10:47:33,721][restartedMain][INFO][org.hibernate.Version:44] HHH000412: Hibernate ORM core version 5.4.32.Final
[2021-09-27 10:47:33,783][restartedMain][INFO][org.hibernate.annotations.common.Version:56] HCANN000001: Hibernate Commons Annotations {5.1.2.Final}
[2021-09-27 10:47:33,846][restartedMain][INFO][com.zaxxer.hikari.HikariDataSource:110] HikariPool-1 - Starting...
[2021-09-27 10:47:33,930][restartedMain][INFO][com.zaxxer.hikari.HikariDataSource:123] HikariPool-1 - Start completed.
[2021-09-27 10:47:33,931][restartedMain][INFO][org.hibernate.dialect.Dialect:175] HHH000400: Using dialect: org.hibernate.dialect.MySQL8Dialect
[2021-09-27 10:47:34,369][restartedMain][INFO][org.hibernate.engine.transaction.jta.platform.internal.JtaPlatformInitiator:52] HHH000490: Using JtaPlatform implementation: [org.hibernate.engine.transaction.jta.platform.internal.NoJtaPlatform]
[2021-09-27 10:47:34,385][restartedMain][INFO][org.springframework.orm.jpa.LocalContainerEntityManagerFactoryBean:437] Initialized JPA EntityManagerFactory for persistence unit 'default'
[2021-09-27 10:47:34,900][restartedMain][INFO][org.springframework.boot.devtools.autoconfigure.OptionalLiveReloadServer:58] LiveReload server is running on port 35729
[2021-09-27 10:47:34,916][restartedMain][INFO][org.apache.coyote.http11.Http11NioProtocol:173] Starting ProtocolHandler ["http-nio-8088"]
[2021-09-27 10:47:34,947][restartedMain][INFO][org.springframework.boot.web.embedded.tomcat.TomcatWebServer:220] Tomcat started on port(s): 8088 (http) with context path ''
[2021-09-27 10:47:34,953][restartedMain][INFO][com.wjl.lblog.BlogServerApplication:61] Started BlogServerApplication in 2.683 seconds (JVM running for 3.492)
[2021-09-27 10:53:02,491][SpringApplicationShutdownHook][INFO][org.springframework.orm.jpa.LocalContainerEntityManagerFactoryBean:651] Closing JPA EntityManagerFactory for persistence unit 'default'
[2021-09-27 10:53:02,491][SpringApplicationShutdownHook][INFO][com.zaxxer.hikari.HikariDataSource:350] HikariPool-1 - Shutdown initiated...
[2021-09-27 10:53:02,491][SpringApplicationShutdownHook][INFO][com.zaxxer.hikari.HikariDataSource:352] HikariPool-1 - Shutdown completed.
[2021-09-27 10:53:06,242][restartedMain][INFO][com.wjl.lblog.BlogServerApplication:55] Starting BlogServerApplication using Java 17 on lonestar with PID 8436 (D:\wjl\repository\blog\Lblog\blog-server\target\classes started by wjl in D:\wjl\repository\blog\Lblog\blog-server)
[2021-09-27 10:53:06,242][restartedMain][INFO][com.wjl.lblog.BlogServerApplication:659] No active profile set, falling back to default profiles: default
[2021-09-27 10:53:06,275][restartedMain][INFO][org.springframework.boot.devtools.env.DevToolsPropertyDefaultsPostProcessor:255] Devtools property defaults active! Set 'spring.devtools.add-properties' to 'false' to disable
[2021-09-27 10:53:06,275][restartedMain][INFO][org.springframework.boot.devtools.env.DevToolsPropertyDefaultsPostProcessor:255] For additional web related logging consider setting the 'logging.level.web' property to 'DEBUG'
[2021-09-27 10:53:06,724][restartedMain][INFO][org.springframework.data.repository.config.RepositoryConfigurationDelegate:132] Bootstrapping Spring Data JPA repositories in DEFAULT mode.
[2021-09-27 10:53:06,802][restartedMain][INFO][org.springframework.data.repository.config.RepositoryConfigurationDelegate:201] Finished Spring Data repository scanning in 60 ms. Found 6 JPA repository interfaces.
[2021-09-27 10:53:07,146][restartedMain][INFO][org.springframework.boot.web.embedded.tomcat.TomcatWebServer:108] Tomcat initialized with port(s): 8088 (http)
[2021-09-27 10:53:07,161][restartedMain][INFO][org.apache.coyote.http11.Http11NioProtocol:173] Initializing ProtocolHandler ["http-nio-8088"]
[2021-09-27 10:53:07,161][restartedMain][INFO][org.apache.catalina.core.StandardService:173] Starting service [Tomcat]
[2021-09-27 10:53:07,161][restartedMain][INFO][org.apache.catalina.core.StandardEngine:173] Starting Servlet engine: [Apache Tomcat/9.0.53]
[2021-09-27 10:53:07,161][restartedMain][INFO][org.apache.catalina.core.AprLifecycleListener:173] Loaded Apache Tomcat Native library [1.2.30] using APR version [1.7.0].
[2021-09-27 10:53:07,161][restartedMain][INFO][org.apache.catalina.core.AprLifecycleListener:173] APR capabilities: IPv6 [true], sendfile [true], accept filters [false], random [true], UDS [true].
[2021-09-27 10:53:07,161][restartedMain][INFO][org.apache.catalina.core.AprLifecycleListener:173] APR/OpenSSL configuration: useAprConnector [false], useOpenSSL [true]
[2021-09-27 10:53:07,161][restartedMain][INFO][org.apache.catalina.core.AprLifecycleListener:173] OpenSSL successfully initialized [OpenSSL 1.1.1k  25 Mar 2021]
[2021-09-27 10:53:07,224][restartedMain][INFO][org.apache.catalina.core.ContainerBase.[Tomcat].[localhost].[/]:173] Initializing Spring embedded WebApplicationContext
[2021-09-27 10:53:07,224][restartedMain][INFO][org.springframework.boot.web.servlet.context.ServletWebServerApplicationContext:290] Root WebApplicationContext: initialization completed in 949 ms
[2021-09-27 10:53:07,318][restartedMain][INFO][org.hibernate.jpa.internal.util.LogHelper:31] HHH000204: Processing PersistenceUnitInfo [name: default]
[2021-09-27 10:53:07,333][restartedMain][INFO][org.hibernate.Version:44] HHH000412: Hibernate ORM core version 5.4.32.Final
[2021-09-27 10:53:07,411][restartedMain][INFO][org.hibernate.annotations.common.Version:56] HCANN000001: Hibernate Commons Annotations {5.1.2.Final}
[2021-09-27 10:53:07,458][restartedMain][INFO][com.zaxxer.hikari.HikariDataSource:110] HikariPool-1 - Starting...
[2021-09-27 10:53:07,536][restartedMain][INFO][com.zaxxer.hikari.HikariDataSource:123] HikariPool-1 - Start completed.
[2021-09-27 10:53:07,536][restartedMain][INFO][org.hibernate.dialect.Dialect:175] HHH000400: Using dialect: org.hibernate.dialect.MySQL8Dialect
[2021-09-27 10:53:07,990][restartedMain][INFO][org.hibernate.engine.transaction.jta.platform.internal.JtaPlatformInitiator:52] HHH000490: Using JtaPlatform implementation: [org.hibernate.engine.transaction.jta.platform.internal.NoJtaPlatform]
[2021-09-27 10:53:08,006][restartedMain][INFO][org.springframework.orm.jpa.LocalContainerEntityManagerFactoryBean:437] Initialized JPA EntityManagerFactory for persistence unit 'default'
[2021-09-27 10:53:08,522][restartedMain][INFO][org.springframework.boot.devtools.autoconfigure.OptionalLiveReloadServer:58] LiveReload server is running on port 35729
[2021-09-27 10:53:08,537][restartedMain][INFO][org.apache.coyote.http11.Http11NioProtocol:173] Starting ProtocolHandler ["http-nio-8088"]
[2021-09-27 10:53:08,569][restartedMain][INFO][org.springframework.boot.web.embedded.tomcat.TomcatWebServer:220] Tomcat started on port(s): 8088 (http) with context path ''
[2021-09-27 10:53:08,584][restartedMain][INFO][com.wjl.lblog.BlogServerApplication:61] Started BlogServerApplication in 2.613 seconds (JVM running for 3.431)
[2021-09-27 10:56:44,702][SpringApplicationShutdownHook][INFO][org.springframework.orm.jpa.LocalContainerEntityManagerFactoryBean:651] Closing JPA EntityManagerFactory for persistence unit 'default'
[2021-09-27 10:56:44,702][SpringApplicationShutdownHook][INFO][com.zaxxer.hikari.HikariDataSource:350] HikariPool-1 - Shutdown initiated...
[2021-09-27 10:56:44,702][SpringApplicationShutdownHook][INFO][com.zaxxer.hikari.HikariDataSource:352] HikariPool-1 - Shutdown completed.
[2021-09-27 10:56:48,664][restartedMain][INFO][com.wjl.lblog.BlogServerApplication:55] Starting BlogServerApplication using Java 17 on lonestar with PID 5480 (D:\wjl\repository\blog\Lblog\blog-server\target\classes started by wjl in D:\wjl\repository\blog\Lblog\blog-server)
[2021-09-27 10:56:48,664][restartedMain][INFO][com.wjl.lblog.BlogServerApplication:659] No active profile set, falling back to default profiles: default
[2021-09-27 10:56:48,689][restartedMain][INFO][org.springframework.boot.devtools.env.DevToolsPropertyDefaultsPostProcessor:255] Devtools property defaults active! Set 'spring.devtools.add-properties' to 'false' to disable
[2021-09-27 10:56:48,689][restartedMain][INFO][org.springframework.boot.devtools.env.DevToolsPropertyDefaultsPostProcessor:255] For additional web related logging consider setting the 'logging.level.web' property to 'DEBUG'
[2021-09-27 10:56:49,157][restartedMain][INFO][org.springframework.data.repository.config.RepositoryConfigurationDelegate:132] Bootstrapping Spring Data JPA repositories in DEFAULT mode.
[2021-09-27 10:56:49,219][restartedMain][INFO][org.springframework.data.repository.config.RepositoryConfigurationDelegate:201] Finished Spring Data repository scanning in 58 ms. Found 7 JPA repository interfaces.
[2021-09-27 10:56:49,578][restartedMain][INFO][org.springframework.boot.web.embedded.tomcat.TomcatWebServer:108] Tomcat initialized with port(s): 8088 (http)
[2021-09-27 10:56:49,578][restartedMain][INFO][org.apache.coyote.http11.Http11NioProtocol:173] Initializing ProtocolHandler ["http-nio-8088"]
[2021-09-27 10:56:49,578][restartedMain][INFO][org.apache.catalina.core.StandardService:173] Starting service [Tomcat]
[2021-09-27 10:56:49,578][restartedMain][INFO][org.apache.catalina.core.StandardEngine:173] Starting Servlet engine: [Apache Tomcat/9.0.53]
[2021-09-27 10:56:49,578][restartedMain][INFO][org.apache.catalina.core.AprLifecycleListener:173] Loaded Apache Tomcat Native library [1.2.30] using APR version [1.7.0].
[2021-09-27 10:56:49,578][restartedMain][INFO][org.apache.catalina.core.AprLifecycleListener:173] APR capabilities: IPv6 [true], sendfile [true], accept filters [false], random [true], UDS [true].
[2021-09-27 10:56:49,578][restartedMain][INFO][org.apache.catalina.core.AprLifecycleListener:173] APR/OpenSSL configuration: useAprConnector [false], useOpenSSL [true]
[2021-09-27 10:56:49,578][restartedMain][INFO][org.apache.catalina.core.AprLifecycleListener:173] OpenSSL successfully initialized [OpenSSL 1.1.1k  25 Mar 2021]
[2021-09-27 10:56:49,641][restartedMain][INFO][org.apache.catalina.core.ContainerBase.[Tomcat].[localhost].[/]:173] Initializing Spring embedded WebApplicationContext
[2021-09-27 10:56:49,641][restartedMain][INFO][org.springframework.boot.web.servlet.context.ServletWebServerApplicationContext:290] Root WebApplicationContext: initialization completed in 952 ms
[2021-09-27 10:56:49,745][restartedMain][INFO][org.hibernate.jpa.internal.util.LogHelper:31] HHH000204: Processing PersistenceUnitInfo [name: default]
[2021-09-27 10:56:49,771][restartedMain][INFO][org.hibernate.Version:44] HHH000412: Hibernate ORM core version 5.4.32.Final
[2021-09-27 10:56:49,833][restartedMain][INFO][org.hibernate.annotations.common.Version:56] HCANN000001: Hibernate Commons Annotations {5.1.2.Final}
[2021-09-27 10:56:49,880][restartedMain][INFO][com.zaxxer.hikari.HikariDataSource:110] HikariPool-1 - Starting...
[2021-09-27 10:56:49,958][restartedMain][INFO][com.zaxxer.hikari.HikariDataSource:123] HikariPool-1 - Start completed.
[2021-09-27 10:56:49,958][restartedMain][INFO][org.hibernate.dialect.Dialect:175] HHH000400: Using dialect: org.hibernate.dialect.MySQL8Dialect
[2021-09-27 10:56:50,364][restartedMain][INFO][org.hibernate.engine.transaction.jta.platform.internal.JtaPlatformInitiator:52] HHH000490: Using JtaPlatform implementation: [org.hibernate.engine.transaction.jta.platform.internal.NoJtaPlatform]
[2021-09-27 10:56:50,380][restartedMain][INFO][org.springframework.orm.jpa.LocalContainerEntityManagerFactoryBean:437] Initialized JPA EntityManagerFactory for persistence unit 'default'
[2021-09-27 10:56:50,911][restartedMain][INFO][org.springframework.boot.devtools.autoconfigure.OptionalLiveReloadServer:58] LiveReload server is running on port 35729
[2021-09-27 10:56:50,927][restartedMain][INFO][org.apache.coyote.http11.Http11NioProtocol:173] Starting ProtocolHandler ["http-nio-8088"]
[2021-09-27 10:56:50,958][restartedMain][INFO][org.springframework.boot.web.embedded.tomcat.TomcatWebServer:220] Tomcat started on port(s): 8088 (http) with context path ''
[2021-09-27 10:56:50,974][restartedMain][INFO][com.wjl.lblog.BlogServerApplication:61] Started BlogServerApplication in 2.574 seconds (JVM running for 3.301)
[2021-09-27 11:01:18,965][http-nio-8088-exec-1][INFO][org.apache.catalina.core.ContainerBase.[Tomcat].[localhost].[/]:173] Initializing Spring DispatcherServlet 'dispatcherServlet'
[2021-09-27 11:01:18,965][http-nio-8088-exec-1][INFO][org.springframework.web.servlet.DispatcherServlet:525] Initializing Servlet 'dispatcherServlet'
[2021-09-27 11:01:18,966][http-nio-8088-exec-1][INFO][org.springframework.web.servlet.DispatcherServlet:547] Completed initialization in 1 ms
[2021-09-27 11:05:18,555][SpringApplicationShutdownHook][INFO][org.springframework.orm.jpa.LocalContainerEntityManagerFactoryBean:651] Closing JPA EntityManagerFactory for persistence unit 'default'
[2021-09-27 11:05:18,555][SpringApplicationShutdownHook][INFO][com.zaxxer.hikari.HikariDataSource:350] HikariPool-1 - Shutdown initiated...
[2021-09-27 11:05:18,571][SpringApplicationShutdownHook][INFO][com.zaxxer.hikari.HikariDataSource:352] HikariPool-1 - Shutdown completed.
