[2021-12-19 09:26:29,088][main][WARN][org.mybatis.spring.mapper.ClassPathMapperScanner:44] Skipping MapperFactoryBean with name 'commentRepository' and 'com.wjl.lblog.repository.CommentRepository' mapperInterface. Bean already defined with the same name!
[2021-12-19 09:26:29,090][main][WARN][org.mybatis.spring.mapper.ClassPathMapperScanner:44] Skipping MapperFactoryBean with name 'imageRepository' and 'com.wjl.lblog.repository.ImageRepository' mapperInterface. Bean already defined with the same name!
[2021-12-19 09:26:29,090][main][WARN][org.mybatis.spring.mapper.ClassPathMapperScanner:44] Skipping MapperFactoryBean with name 'permissionRepository' and 'com.wjl.lblog.repository.PermissionRepository' mapperInterface. Bean already defined with the same name!
[2021-12-19 09:26:29,091][main][WARN][org.mybatis.spring.mapper.ClassPathMapperScanner:44] Skipping MapperFactoryBean with name 'rolePermissionRepository' and 'com.wjl.lblog.repository.RolePermissionRepository' mapperInterface. Bean already defined with the same name!
[2021-12-19 09:26:29,092][main][WARN][org.mybatis.spring.mapper.ClassPathMapperScanner:44] Skipping MapperFactoryBean with name 'roleRepository' and 'com.wjl.lblog.repository.RoleRepository' mapperInterface. Bean already defined with the same name!
[2021-12-19 09:26:29,092][main][WARN][org.mybatis.spring.mapper.ClassPathMapperScanner:44] Skipping MapperFactoryBean with name 'timelineRepository' and 'com.wjl.lblog.repository.TimelineRepository' mapperInterface. Bean already defined with the same name!
[2021-12-19 09:26:29,092][main][WARN][org.mybatis.spring.mapper.ClassPathMapperScanner:44] Skipping MapperFactoryBean with name 'userRepository' and 'com.wjl.lblog.repository.UserRepository' mapperInterface. Bean already defined with the same name!
[2021-12-19 09:26:29,093][main][WARN][org.mybatis.spring.mapper.ClassPathMapperScanner:44] Skipping MapperFactoryBean with name 'userRoleRepository' and 'com.wjl.lblog.repository.UserRoleRepository' mapperInterface. Bean already defined with the same name!
[2021-12-19 09:26:29,446][main][WARN][org.apache.catalina.core.AprLifecycleListener:173] This listener must only be nested within Server elements, but is in [TomcatEmbeddedContext].
[2021-12-19 09:26:31,214][main][WARN][org.springframework.boot.autoconfigure.orm.jpa.JpaBaseConfiguration$JpaWebConfiguration:219] spring.jpa.open-in-view is enabled by default. Therefore, database queries may be performed during view rendering. Explicitly configure spring.jpa.open-in-view to disable this warning
[2021-12-19 09:26:31,313][main][WARN][org.springframework.boot.web.servlet.context.AnnotationConfigServletWebServerApplicationContext:591] Exception encountered during context initialization - cancelling refresh attempt: org.springframework.beans.factory.BeanCreationException: Error creating bean with name 'requestMappingHandlerMapping' defined in class path resource [org/springframework/boot/autoconfigure/web/servlet/WebMvcAutoConfiguration$EnableWebMvcConfiguration.class]: Invocation of init method failed; nested exception is java.lang.IllegalStateException: Ambiguous mapping. Cannot map 'categoryController' method 
com.wjl.lblog.controller.CategoryController#findOneCategoryAndArticleByName(String, int, int)
to {GET [/category/article]}: There is already 'categoryController' bean method
com.wjl.lblog.controller.CategoryController#findOneCategoryAndArticleById(Long, int, int) mapped.
[2021-12-19 09:28:23,900][main][WARN][org.mybatis.spring.mapper.ClassPathMapperScanner:44] Skipping MapperFactoryBean with name 'commentRepository' and 'com.wjl.lblog.repository.CommentRepository' mapperInterface. Bean already defined with the same name!
[2021-12-19 09:28:23,901][main][WARN][org.mybatis.spring.mapper.ClassPathMapperScanner:44] Skipping MapperFactoryBean with name 'imageRepository' and 'com.wjl.lblog.repository.ImageRepository' mapperInterface. Bean already defined with the same name!
[2021-12-19 09:28:23,901][main][WARN][org.mybatis.spring.mapper.ClassPathMapperScanner:44] Skipping MapperFactoryBean with name 'permissionRepository' and 'com.wjl.lblog.repository.PermissionRepository' mapperInterface. Bean already defined with the same name!
[2021-12-19 09:28:23,901][main][WARN][org.mybatis.spring.mapper.ClassPathMapperScanner:44] Skipping MapperFactoryBean with name 'rolePermissionRepository' and 'com.wjl.lblog.repository.RolePermissionRepository' mapperInterface. Bean already defined with the same name!
[2021-12-19 09:28:23,902][main][WARN][org.mybatis.spring.mapper.ClassPathMapperScanner:44] Skipping MapperFactoryBean with name 'roleRepository' and 'com.wjl.lblog.repository.RoleRepository' mapperInterface. Bean already defined with the same name!
[2021-12-19 09:28:23,902][main][WARN][org.mybatis.spring.mapper.ClassPathMapperScanner:44] Skipping MapperFactoryBean with name 'timelineRepository' and 'com.wjl.lblog.repository.TimelineRepository' mapperInterface. Bean already defined with the same name!
[2021-12-19 09:28:23,902][main][WARN][org.mybatis.spring.mapper.ClassPathMapperScanner:44] Skipping MapperFactoryBean with name 'userRepository' and 'com.wjl.lblog.repository.UserRepository' mapperInterface. Bean already defined with the same name!
[2021-12-19 09:28:23,902][main][WARN][org.mybatis.spring.mapper.ClassPathMapperScanner:44] Skipping MapperFactoryBean with name 'userRoleRepository' and 'com.wjl.lblog.repository.UserRoleRepository' mapperInterface. Bean already defined with the same name!
[2021-12-19 09:28:24,207][main][WARN][org.apache.catalina.core.AprLifecycleListener:173] This listener must only be nested within Server elements, but is in [TomcatEmbeddedContext].
[2021-12-19 09:28:25,668][main][WARN][org.springframework.boot.autoconfigure.orm.jpa.JpaBaseConfiguration$JpaWebConfiguration:219] spring.jpa.open-in-view is enabled by default. Therefore, database queries may be performed during view rendering. Explicitly configure spring.jpa.open-in-view to disable this warning
[2021-12-19 09:36:26,573][main][WARN][org.mybatis.spring.mapper.ClassPathMapperScanner:44] Skipping MapperFactoryBean with name 'commentRepository' and 'com.wjl.lblog.repository.CommentRepository' mapperInterface. Bean already defined with the same name!
[2021-12-19 09:36:26,573][main][WARN][org.mybatis.spring.mapper.ClassPathMapperScanner:44] Skipping MapperFactoryBean with name 'imageRepository' and 'com.wjl.lblog.repository.ImageRepository' mapperInterface. Bean already defined with the same name!
[2021-12-19 09:36:26,573][main][WARN][org.mybatis.spring.mapper.ClassPathMapperScanner:44] Skipping MapperFactoryBean with name 'permissionRepository' and 'com.wjl.lblog.repository.PermissionRepository' mapperInterface. Bean already defined with the same name!
[2021-12-19 09:36:26,573][main][WARN][org.mybatis.spring.mapper.ClassPathMapperScanner:44] Skipping MapperFactoryBean with name 'rolePermissionRepository' and 'com.wjl.lblog.repository.RolePermissionRepository' mapperInterface. Bean already defined with the same name!
[2021-12-19 09:36:26,573][main][WARN][org.mybatis.spring.mapper.ClassPathMapperScanner:44] Skipping MapperFactoryBean with name 'roleRepository' and 'com.wjl.lblog.repository.RoleRepository' mapperInterface. Bean already defined with the same name!
[2021-12-19 09:36:26,574][main][WARN][org.mybatis.spring.mapper.ClassPathMapperScanner:44] Skipping MapperFactoryBean with name 'timelineRepository' and 'com.wjl.lblog.repository.TimelineRepository' mapperInterface. Bean already defined with the same name!
[2021-12-19 09:36:26,574][main][WARN][org.mybatis.spring.mapper.ClassPathMapperScanner:44] Skipping MapperFactoryBean with name 'userRepository' and 'com.wjl.lblog.repository.UserRepository' mapperInterface. Bean already defined with the same name!
[2021-12-19 09:36:26,574][main][WARN][org.mybatis.spring.mapper.ClassPathMapperScanner:44] Skipping MapperFactoryBean with name 'userRoleRepository' and 'com.wjl.lblog.repository.UserRoleRepository' mapperInterface. Bean already defined with the same name!
[2021-12-19 09:36:26,862][main][WARN][org.apache.catalina.core.AprLifecycleListener:173] This listener must only be nested within Server elements, but is in [TomcatEmbeddedContext].
[2021-12-19 09:36:28,301][main][WARN][org.springframework.boot.autoconfigure.orm.jpa.JpaBaseConfiguration$JpaWebConfiguration:219] spring.jpa.open-in-view is enabled by default. Therefore, database queries may be performed during view rendering. Explicitly configure spring.jpa.open-in-view to disable this warning
[2021-12-19 09:37:12,270][main][WARN][org.mybatis.spring.mapper.ClassPathMapperScanner:44] Skipping MapperFactoryBean with name 'commentRepository' and 'com.wjl.lblog.repository.CommentRepository' mapperInterface. Bean already defined with the same name!
[2021-12-19 09:37:12,271][main][WARN][org.mybatis.spring.mapper.ClassPathMapperScanner:44] Skipping MapperFactoryBean with name 'imageRepository' and 'com.wjl.lblog.repository.ImageRepository' mapperInterface. Bean already defined with the same name!
[2021-12-19 09:37:12,271][main][WARN][org.mybatis.spring.mapper.ClassPathMapperScanner:44] Skipping MapperFactoryBean with name 'permissionRepository' and 'com.wjl.lblog.repository.PermissionRepository' mapperInterface. Bean already defined with the same name!
[2021-12-19 09:37:12,271][main][WARN][org.mybatis.spring.mapper.ClassPathMapperScanner:44] Skipping MapperFactoryBean with name 'rolePermissionRepository' and 'com.wjl.lblog.repository.RolePermissionRepository' mapperInterface. Bean already defined with the same name!
[2021-12-19 09:37:12,271][main][WARN][org.mybatis.spring.mapper.ClassPathMapperScanner:44] Skipping MapperFactoryBean with name 'roleRepository' and 'com.wjl.lblog.repository.RoleRepository' mapperInterface. Bean already defined with the same name!
[2021-12-19 09:37:12,271][main][WARN][org.mybatis.spring.mapper.ClassPathMapperScanner:44] Skipping MapperFactoryBean with name 'timelineRepository' and 'com.wjl.lblog.repository.TimelineRepository' mapperInterface. Bean already defined with the same name!
[2021-12-19 09:37:12,272][main][WARN][org.mybatis.spring.mapper.ClassPathMapperScanner:44] Skipping MapperFactoryBean with name 'userRepository' and 'com.wjl.lblog.repository.UserRepository' mapperInterface. Bean already defined with the same name!
[2021-12-19 09:37:12,272][main][WARN][org.mybatis.spring.mapper.ClassPathMapperScanner:44] Skipping MapperFactoryBean with name 'userRoleRepository' and 'com.wjl.lblog.repository.UserRoleRepository' mapperInterface. Bean already defined with the same name!
[2021-12-19 09:37:12,568][main][WARN][org.apache.catalina.core.AprLifecycleListener:173] This listener must only be nested within Server elements, but is in [TomcatEmbeddedContext].
[2021-12-19 09:37:13,995][main][WARN][org.springframework.boot.autoconfigure.orm.jpa.JpaBaseConfiguration$JpaWebConfiguration:219] spring.jpa.open-in-view is enabled by default. Therefore, database queries may be performed during view rendering. Explicitly configure spring.jpa.open-in-view to disable this warning
[2021-12-19 09:39:13,611][main][WARN][org.mybatis.spring.mapper.ClassPathMapperScanner:44] Skipping MapperFactoryBean with name 'commentRepository' and 'com.wjl.lblog.repository.CommentRepository' mapperInterface. Bean already defined with the same name!
[2021-12-19 09:39:13,611][main][WARN][org.mybatis.spring.mapper.ClassPathMapperScanner:44] Skipping MapperFactoryBean with name 'imageRepository' and 'com.wjl.lblog.repository.ImageRepository' mapperInterface. Bean already defined with the same name!
[2021-12-19 09:39:13,612][main][WARN][org.mybatis.spring.mapper.ClassPathMapperScanner:44] Skipping MapperFactoryBean with name 'permissionRepository' and 'com.wjl.lblog.repository.PermissionRepository' mapperInterface. Bean already defined with the same name!
[2021-12-19 09:39:13,612][main][WARN][org.mybatis.spring.mapper.ClassPathMapperScanner:44] Skipping MapperFactoryBean with name 'rolePermissionRepository' and 'com.wjl.lblog.repository.RolePermissionRepository' mapperInterface. Bean already defined with the same name!
[2021-12-19 09:39:13,612][main][WARN][org.mybatis.spring.mapper.ClassPathMapperScanner:44] Skipping MapperFactoryBean with name 'roleRepository' and 'com.wjl.lblog.repository.RoleRepository' mapperInterface. Bean already defined with the same name!
[2021-12-19 09:39:13,612][main][WARN][org.mybatis.spring.mapper.ClassPathMapperScanner:44] Skipping MapperFactoryBean with name 'timelineRepository' and 'com.wjl.lblog.repository.TimelineRepository' mapperInterface. Bean already defined with the same name!
[2021-12-19 09:39:13,613][main][WARN][org.mybatis.spring.mapper.ClassPathMapperScanner:44] Skipping MapperFactoryBean with name 'userRepository' and 'com.wjl.lblog.repository.UserRepository' mapperInterface. Bean already defined with the same name!
[2021-12-19 09:39:13,613][main][WARN][org.mybatis.spring.mapper.ClassPathMapperScanner:44] Skipping MapperFactoryBean with name 'userRoleRepository' and 'com.wjl.lblog.repository.UserRoleRepository' mapperInterface. Bean already defined with the same name!
[2021-12-19 09:39:13,909][main][WARN][org.apache.catalina.core.AprLifecycleListener:173] This listener must only be nested within Server elements, but is in [TomcatEmbeddedContext].
[2021-12-19 09:39:15,361][main][WARN][org.springframework.boot.autoconfigure.orm.jpa.JpaBaseConfiguration$JpaWebConfiguration:219] spring.jpa.open-in-view is enabled by default. Therefore, database queries may be performed during view rendering. Explicitly configure spring.jpa.open-in-view to disable this warning
[2021-12-19 09:41:46,908][main][WARN][org.mybatis.spring.mapper.ClassPathMapperScanner:44] Skipping MapperFactoryBean with name 'commentRepository' and 'com.wjl.lblog.repository.CommentRepository' mapperInterface. Bean already defined with the same name!
[2021-12-19 09:41:46,909][main][WARN][org.mybatis.spring.mapper.ClassPathMapperScanner:44] Skipping MapperFactoryBean with name 'imageRepository' and 'com.wjl.lblog.repository.ImageRepository' mapperInterface. Bean already defined with the same name!
[2021-12-19 09:41:46,909][main][WARN][org.mybatis.spring.mapper.ClassPathMapperScanner:44] Skipping MapperFactoryBean with name 'permissionRepository' and 'com.wjl.lblog.repository.PermissionRepository' mapperInterface. Bean already defined with the same name!
[2021-12-19 09:41:46,909][main][WARN][org.mybatis.spring.mapper.ClassPathMapperScanner:44] Skipping MapperFactoryBean with name 'rolePermissionRepository' and 'com.wjl.lblog.repository.RolePermissionRepository' mapperInterface. Bean already defined with the same name!
[2021-12-19 09:41:46,909][main][WARN][org.mybatis.spring.mapper.ClassPathMapperScanner:44] Skipping MapperFactoryBean with name 'roleRepository' and 'com.wjl.lblog.repository.RoleRepository' mapperInterface. Bean already defined with the same name!
[2021-12-19 09:41:46,909][main][WARN][org.mybatis.spring.mapper.ClassPathMapperScanner:44] Skipping MapperFactoryBean with name 'timelineRepository' and 'com.wjl.lblog.repository.TimelineRepository' mapperInterface. Bean already defined with the same name!
[2021-12-19 09:41:46,910][main][WARN][org.mybatis.spring.mapper.ClassPathMapperScanner:44] Skipping MapperFactoryBean with name 'userRepository' and 'com.wjl.lblog.repository.UserRepository' mapperInterface. Bean already defined with the same name!
[2021-12-19 09:41:46,910][main][WARN][org.mybatis.spring.mapper.ClassPathMapperScanner:44] Skipping MapperFactoryBean with name 'userRoleRepository' and 'com.wjl.lblog.repository.UserRoleRepository' mapperInterface. Bean already defined with the same name!
[2021-12-19 09:41:47,198][main][WARN][org.apache.catalina.core.AprLifecycleListener:173] This listener must only be nested within Server elements, but is in [TomcatEmbeddedContext].
[2021-12-19 09:41:48,655][main][WARN][org.springframework.boot.autoconfigure.orm.jpa.JpaBaseConfiguration$JpaWebConfiguration:219] spring.jpa.open-in-view is enabled by default. Therefore, database queries may be performed during view rendering. Explicitly configure spring.jpa.open-in-view to disable this warning
[2021-12-19 09:41:56,417][main][WARN][org.mybatis.spring.mapper.ClassPathMapperScanner:44] Skipping MapperFactoryBean with name 'commentRepository' and 'com.wjl.lblog.repository.CommentRepository' mapperInterface. Bean already defined with the same name!
[2021-12-19 09:41:56,418][main][WARN][org.mybatis.spring.mapper.ClassPathMapperScanner:44] Skipping MapperFactoryBean with name 'imageRepository' and 'com.wjl.lblog.repository.ImageRepository' mapperInterface. Bean already defined with the same name!
[2021-12-19 09:41:56,418][main][WARN][org.mybatis.spring.mapper.ClassPathMapperScanner:44] Skipping MapperFactoryBean with name 'permissionRepository' and 'com.wjl.lblog.repository.PermissionRepository' mapperInterface. Bean already defined with the same name!
[2021-12-19 09:41:56,418][main][WARN][org.mybatis.spring.mapper.ClassPathMapperScanner:44] Skipping MapperFactoryBean with name 'rolePermissionRepository' and 'com.wjl.lblog.repository.RolePermissionRepository' mapperInterface. Bean already defined with the same name!
[2021-12-19 09:41:56,418][main][WARN][org.mybatis.spring.mapper.ClassPathMapperScanner:44] Skipping MapperFactoryBean with name 'roleRepository' and 'com.wjl.lblog.repository.RoleRepository' mapperInterface. Bean already defined with the same name!
[2021-12-19 09:41:56,418][main][WARN][org.mybatis.spring.mapper.ClassPathMapperScanner:44] Skipping MapperFactoryBean with name 'timelineRepository' and 'com.wjl.lblog.repository.TimelineRepository' mapperInterface. Bean already defined with the same name!
[2021-12-19 09:41:56,419][main][WARN][org.mybatis.spring.mapper.ClassPathMapperScanner:44] Skipping MapperFactoryBean with name 'userRepository' and 'com.wjl.lblog.repository.UserRepository' mapperInterface. Bean already defined with the same name!
[2021-12-19 09:41:56,419][main][WARN][org.mybatis.spring.mapper.ClassPathMapperScanner:44] Skipping MapperFactoryBean with name 'userRoleRepository' and 'com.wjl.lblog.repository.UserRoleRepository' mapperInterface. Bean already defined with the same name!
[2021-12-19 09:41:56,712][main][WARN][org.apache.catalina.core.AprLifecycleListener:173] This listener must only be nested within Server elements, but is in [TomcatEmbeddedContext].
[2021-12-19 09:41:58,116][main][WARN][org.springframework.boot.autoconfigure.orm.jpa.JpaBaseConfiguration$JpaWebConfiguration:219] spring.jpa.open-in-view is enabled by default. Therefore, database queries may be performed during view rendering. Explicitly configure spring.jpa.open-in-view to disable this warning
[2021-12-19 09:43:06,247][main][WARN][org.mybatis.spring.mapper.ClassPathMapperScanner:44] Skipping MapperFactoryBean with name 'commentRepository' and 'com.wjl.lblog.repository.CommentRepository' mapperInterface. Bean already defined with the same name!
[2021-12-19 09:43:06,248][main][WARN][org.mybatis.spring.mapper.ClassPathMapperScanner:44] Skipping MapperFactoryBean with name 'imageRepository' and 'com.wjl.lblog.repository.ImageRepository' mapperInterface. Bean already defined with the same name!
[2021-12-19 09:43:06,248][main][WARN][org.mybatis.spring.mapper.ClassPathMapperScanner:44] Skipping MapperFactoryBean with name 'permissionRepository' and 'com.wjl.lblog.repository.PermissionRepository' mapperInterface. Bean already defined with the same name!
[2021-12-19 09:43:06,248][main][WARN][org.mybatis.spring.mapper.ClassPathMapperScanner:44] Skipping MapperFactoryBean with name 'rolePermissionRepository' and 'com.wjl.lblog.repository.RolePermissionRepository' mapperInterface. Bean already defined with the same name!
[2021-12-19 09:43:06,248][main][WARN][org.mybatis.spring.mapper.ClassPathMapperScanner:44] Skipping MapperFactoryBean with name 'roleRepository' and 'com.wjl.lblog.repository.RoleRepository' mapperInterface. Bean already defined with the same name!
[2021-12-19 09:43:06,249][main][WARN][org.mybatis.spring.mapper.ClassPathMapperScanner:44] Skipping MapperFactoryBean with name 'timelineRepository' and 'com.wjl.lblog.repository.TimelineRepository' mapperInterface. Bean already defined with the same name!
[2021-12-19 09:43:06,249][main][WARN][org.mybatis.spring.mapper.ClassPathMapperScanner:44] Skipping MapperFactoryBean with name 'userRepository' and 'com.wjl.lblog.repository.UserRepository' mapperInterface. Bean already defined with the same name!
[2021-12-19 09:43:06,249][main][WARN][org.mybatis.spring.mapper.ClassPathMapperScanner:44] Skipping MapperFactoryBean with name 'userRoleRepository' and 'com.wjl.lblog.repository.UserRoleRepository' mapperInterface. Bean already defined with the same name!
[2021-12-19 09:43:06,583][main][WARN][org.apache.catalina.core.AprLifecycleListener:173] This listener must only be nested within Server elements, but is in [TomcatEmbeddedContext].
[2021-12-19 09:43:08,093][main][WARN][org.springframework.boot.autoconfigure.orm.jpa.JpaBaseConfiguration$JpaWebConfiguration:219] spring.jpa.open-in-view is enabled by default. Therefore, database queries may be performed during view rendering. Explicitly configure spring.jpa.open-in-view to disable this warning
[2021-12-19 09:53:40,973][main][WARN][org.mybatis.spring.mapper.ClassPathMapperScanner:44] Skipping MapperFactoryBean with name 'commentRepository' and 'com.wjl.lblog.repository.CommentRepository' mapperInterface. Bean already defined with the same name!
[2021-12-19 09:53:40,974][main][WARN][org.mybatis.spring.mapper.ClassPathMapperScanner:44] Skipping MapperFactoryBean with name 'imageRepository' and 'com.wjl.lblog.repository.ImageRepository' mapperInterface. Bean already defined with the same name!
[2021-12-19 09:53:40,974][main][WARN][org.mybatis.spring.mapper.ClassPathMapperScanner:44] Skipping MapperFactoryBean with name 'permissionRepository' and 'com.wjl.lblog.repository.PermissionRepository' mapperInterface. Bean already defined with the same name!
[2021-12-19 09:53:40,974][main][WARN][org.mybatis.spring.mapper.ClassPathMapperScanner:44] Skipping MapperFactoryBean with name 'rolePermissionRepository' and 'com.wjl.lblog.repository.RolePermissionRepository' mapperInterface. Bean already defined with the same name!
[2021-12-19 09:53:40,975][main][WARN][org.mybatis.spring.mapper.ClassPathMapperScanner:44] Skipping MapperFactoryBean with name 'roleRepository' and 'com.wjl.lblog.repository.RoleRepository' mapperInterface. Bean already defined with the same name!
[2021-12-19 09:53:40,975][main][WARN][org.mybatis.spring.mapper.ClassPathMapperScanner:44] Skipping MapperFactoryBean with name 'timelineRepository' and 'com.wjl.lblog.repository.TimelineRepository' mapperInterface. Bean already defined with the same name!
[2021-12-19 09:53:40,975][main][WARN][org.mybatis.spring.mapper.ClassPathMapperScanner:44] Skipping MapperFactoryBean with name 'userRepository' and 'com.wjl.lblog.repository.UserRepository' mapperInterface. Bean already defined with the same name!
[2021-12-19 09:53:40,975][main][WARN][org.mybatis.spring.mapper.ClassPathMapperScanner:44] Skipping MapperFactoryBean with name 'userRoleRepository' and 'com.wjl.lblog.repository.UserRoleRepository' mapperInterface. Bean already defined with the same name!
[2021-12-19 09:53:41,264][main][WARN][org.apache.catalina.core.AprLifecycleListener:173] This listener must only be nested within Server elements, but is in [TomcatEmbeddedContext].
[2021-12-19 09:53:42,696][main][WARN][org.springframework.boot.autoconfigure.orm.jpa.JpaBaseConfiguration$JpaWebConfiguration:219] spring.jpa.open-in-view is enabled by default. Therefore, database queries may be performed during view rendering. Explicitly configure spring.jpa.open-in-view to disable this warning
[2021-12-19 09:57:44,653][main][WARN][org.mybatis.spring.mapper.ClassPathMapperScanner:44] Skipping MapperFactoryBean with name 'commentRepository' and 'com.wjl.lblog.repository.CommentRepository' mapperInterface. Bean already defined with the same name!
[2021-12-19 09:57:44,657][main][WARN][org.mybatis.spring.mapper.ClassPathMapperScanner:44] Skipping MapperFactoryBean with name 'imageRepository' and 'com.wjl.lblog.repository.ImageRepository' mapperInterface. Bean already defined with the same name!
[2021-12-19 09:57:44,657][main][WARN][org.mybatis.spring.mapper.ClassPathMapperScanner:44] Skipping MapperFactoryBean with name 'permissionRepository' and 'com.wjl.lblog.repository.PermissionRepository' mapperInterface. Bean already defined with the same name!
[2021-12-19 09:57:44,657][main][WARN][org.mybatis.spring.mapper.ClassPathMapperScanner:44] Skipping MapperFactoryBean with name 'rolePermissionRepository' and 'com.wjl.lblog.repository.RolePermissionRepository' mapperInterface. Bean already defined with the same name!
[2021-12-19 09:57:44,657][main][WARN][org.mybatis.spring.mapper.ClassPathMapperScanner:44] Skipping MapperFactoryBean with name 'roleRepository' and 'com.wjl.lblog.repository.RoleRepository' mapperInterface. Bean already defined with the same name!
[2021-12-19 09:57:44,657][main][WARN][org.mybatis.spring.mapper.ClassPathMapperScanner:44] Skipping MapperFactoryBean with name 'timelineRepository' and 'com.wjl.lblog.repository.TimelineRepository' mapperInterface. Bean already defined with the same name!
[2021-12-19 09:57:44,657][main][WARN][org.mybatis.spring.mapper.ClassPathMapperScanner:44] Skipping MapperFactoryBean with name 'userRepository' and 'com.wjl.lblog.repository.UserRepository' mapperInterface. Bean already defined with the same name!
[2021-12-19 09:57:44,657][main][WARN][org.mybatis.spring.mapper.ClassPathMapperScanner:44] Skipping MapperFactoryBean with name 'userRoleRepository' and 'com.wjl.lblog.repository.UserRoleRepository' mapperInterface. Bean already defined with the same name!
[2021-12-19 09:57:44,946][main][WARN][org.apache.catalina.core.AprLifecycleListener:173] This listener must only be nested within Server elements, but is in [TomcatEmbeddedContext].
[2021-12-19 09:57:46,420][main][WARN][org.springframework.boot.autoconfigure.orm.jpa.JpaBaseConfiguration$JpaWebConfiguration:219] spring.jpa.open-in-view is enabled by default. Therefore, database queries may be performed during view rendering. Explicitly configure spring.jpa.open-in-view to disable this warning
[2021-12-19 09:59:31,163][main][WARN][org.mybatis.spring.mapper.ClassPathMapperScanner:44] Skipping MapperFactoryBean with name 'commentRepository' and 'com.wjl.lblog.repository.CommentRepository' mapperInterface. Bean already defined with the same name!
[2021-12-19 09:59:31,163][main][WARN][org.mybatis.spring.mapper.ClassPathMapperScanner:44] Skipping MapperFactoryBean with name 'imageRepository' and 'com.wjl.lblog.repository.ImageRepository' mapperInterface. Bean already defined with the same name!
[2021-12-19 09:59:31,163][main][WARN][org.mybatis.spring.mapper.ClassPathMapperScanner:44] Skipping MapperFactoryBean with name 'permissionRepository' and 'com.wjl.lblog.repository.PermissionRepository' mapperInterface. Bean already defined with the same name!
[2021-12-19 09:59:31,163][main][WARN][org.mybatis.spring.mapper.ClassPathMapperScanner:44] Skipping MapperFactoryBean with name 'rolePermissionRepository' and 'com.wjl.lblog.repository.RolePermissionRepository' mapperInterface. Bean already defined with the same name!
[2021-12-19 09:59:31,163][main][WARN][org.mybatis.spring.mapper.ClassPathMapperScanner:44] Skipping MapperFactoryBean with name 'roleRepository' and 'com.wjl.lblog.repository.RoleRepository' mapperInterface. Bean already defined with the same name!
[2021-12-19 09:59:31,178][main][WARN][org.mybatis.spring.mapper.ClassPathMapperScanner:44] Skipping MapperFactoryBean with name 'timelineRepository' and 'com.wjl.lblog.repository.TimelineRepository' mapperInterface. Bean already defined with the same name!
[2021-12-19 09:59:31,178][main][WARN][org.mybatis.spring.mapper.ClassPathMapperScanner:44] Skipping MapperFactoryBean with name 'userRepository' and 'com.wjl.lblog.repository.UserRepository' mapperInterface. Bean already defined with the same name!
[2021-12-19 09:59:31,178][main][WARN][org.mybatis.spring.mapper.ClassPathMapperScanner:44] Skipping MapperFactoryBean with name 'userRoleRepository' and 'com.wjl.lblog.repository.UserRoleRepository' mapperInterface. Bean already defined with the same name!
[2021-12-19 09:59:31,499][main][WARN][org.apache.catalina.core.AprLifecycleListener:173] This listener must only be nested within Server elements, but is in [TomcatEmbeddedContext].
[2021-12-19 09:59:33,117][main][WARN][org.springframework.boot.autoconfigure.orm.jpa.JpaBaseConfiguration$JpaWebConfiguration:219] spring.jpa.open-in-view is enabled by default. Therefore, database queries may be performed during view rendering. Explicitly configure spring.jpa.open-in-view to disable this warning
[2021-12-19 10:07:12,143][main][WARN][org.mybatis.spring.mapper.ClassPathMapperScanner:44] Skipping MapperFactoryBean with name 'commentRepository' and 'com.wjl.lblog.repository.CommentRepository' mapperInterface. Bean already defined with the same name!
[2021-12-19 10:07:12,143][main][WARN][org.mybatis.spring.mapper.ClassPathMapperScanner:44] Skipping MapperFactoryBean with name 'imageRepository' and 'com.wjl.lblog.repository.ImageRepository' mapperInterface. Bean already defined with the same name!
[2021-12-19 10:07:12,143][main][WARN][org.mybatis.spring.mapper.ClassPathMapperScanner:44] Skipping MapperFactoryBean with name 'permissionRepository' and 'com.wjl.lblog.repository.PermissionRepository' mapperInterface. Bean already defined with the same name!
[2021-12-19 10:07:12,143][main][WARN][org.mybatis.spring.mapper.ClassPathMapperScanner:44] Skipping MapperFactoryBean with name 'rolePermissionRepository' and 'com.wjl.lblog.repository.RolePermissionRepository' mapperInterface. Bean already defined with the same name!
[2021-12-19 10:07:12,143][main][WARN][org.mybatis.spring.mapper.ClassPathMapperScanner:44] Skipping MapperFactoryBean with name 'roleRepository' and 'com.wjl.lblog.repository.RoleRepository' mapperInterface. Bean already defined with the same name!
[2021-12-19 10:07:12,143][main][WARN][org.mybatis.spring.mapper.ClassPathMapperScanner:44] Skipping MapperFactoryBean with name 'timelineRepository' and 'com.wjl.lblog.repository.TimelineRepository' mapperInterface. Bean already defined with the same name!
[2021-12-19 10:07:12,143][main][WARN][org.mybatis.spring.mapper.ClassPathMapperScanner:44] Skipping MapperFactoryBean with name 'userRepository' and 'com.wjl.lblog.repository.UserRepository' mapperInterface. Bean already defined with the same name!
[2021-12-19 10:07:12,143][main][WARN][org.mybatis.spring.mapper.ClassPathMapperScanner:44] Skipping MapperFactoryBean with name 'userRoleRepository' and 'com.wjl.lblog.repository.UserRoleRepository' mapperInterface. Bean already defined with the same name!
[2021-12-19 10:07:12,425][main][WARN][org.apache.catalina.core.AprLifecycleListener:173] This listener must only be nested within Server elements, but is in [TomcatEmbeddedContext].
[2021-12-19 10:07:13,865][main][WARN][org.springframework.boot.autoconfigure.orm.jpa.JpaBaseConfiguration$JpaWebConfiguration:219] spring.jpa.open-in-view is enabled by default. Therefore, database queries may be performed during view rendering. Explicitly configure spring.jpa.open-in-view to disable this warning
